This is pdfTeX, Version 3.14159265-2.6-1.40.21 (MiKTeX 2.9.7400 64-bit) (preloaded format=pdflatex 2020.5.5)  3 JUL 2020 18:26
entering extended mode
**./dtg_supmat2.tex
(dtg_supmat2.tex
LaTeX2e <2020-02-02> patch level 5
L3 programming layer <2020-04-06>
("C:\Users\ahauser\AppData\Local\Programs\MiKTeX 2.9\tex/latex/base\article.cls
"
Document Class: article 2019/12/20 v1.4l Standard LaTeX document class
("C:\Users\ahauser\AppData\Local\Programs\MiKTeX 2.9\tex/latex/base\size10.clo"
File: size10.clo 2019/12/20 v1.4l Standard LaTeX file (size option)
)
\c@part=\count167
\c@section=\count168
\c@subsection=\count169
\c@subsubsection=\count170
\c@paragraph=\count171
\c@subparagraph=\count172
\c@figure=\count173
\c@table=\count174
\abovecaptionskip=\skip47
\belowcaptionskip=\skip48
\bibindent=\dimen134
)
("C:\Users\ahauser\AppData\Local\Programs\MiKTeX 2.9\tex/latex/geometry\geometr
y.sty"
Package: geometry 2020/01/02 v5.9 Page Geometry

("C:\Users\ahauser\AppData\Local\Programs\MiKTeX 2.9\tex/latex/graphics\keyval.
sty"
Package: keyval 2014/10/28 v1.15 key=value parser (DPC)
\KV@toks@=\toks15
)
("C:\Users\ahauser\AppData\Local\Programs\MiKTeX 2.9\tex/generic/iftex\ifvtex.s
ty"
Package: ifvtex 2019/10/25 v1.7 ifvtex legacy package. Use iftex instead.

("C:\Users\ahauser\AppData\Local\Programs\MiKTeX 2.9\tex/generic/iftex\iftex.st
y"
Package: iftex 2020/03/06 v1.0d TeX engine tests
))
\Gm@cnth=\count175
\Gm@cntv=\count176
\c@Gm@tempcnt=\count177
\Gm@bindingoffset=\dimen135
\Gm@wd@mp=\dimen136
\Gm@odd@mp=\dimen137
\Gm@even@mp=\dimen138
\Gm@layoutwidth=\dimen139
\Gm@layoutheight=\dimen140
\Gm@layouthoffset=\dimen141
\Gm@layoutvoffset=\dimen142
\Gm@dimlist=\toks16

("C:\Users\ahauser\AppData\Local\Programs\MiKTeX 2.9\tex/latex/geometry\geometr
y.cfg"))
("C:\Users\ahauser\AppData\Local\Programs\MiKTeX 2.9\tex/latex/preprint\authblk
.sty"
Package: authblk 2001/02/27 1.3 (PWD)
\affilsep=\skip49
\@affilsep=\skip50
\c@Maxaffil=\count178
\c@authors=\count179
\c@affil=\count180
)
("C:\Users\ahauser\AppData\Local\Programs\MiKTeX 2.9\tex/latex/base\inputenc.st
y"
Package: inputenc 2018/08/11 v1.3c Input encoding file
\inpenc@prehook=\toks17
\inpenc@posthook=\toks18
)
("C:\Users\ahauser\AppData\Local\Programs\MiKTeX 2.9\tex/latex/amsfonts\amssymb
.sty"
Package: amssymb 2013/01/14 v3.01 AMS font symbols

("C:\Users\ahauser\AppData\Local\Programs\MiKTeX 2.9\tex/latex/amsfonts\amsfont
s.sty"
Package: amsfonts 2013/01/14 v3.01 Basic AMSFonts support
\@emptytoks=\toks19
\symAMSa=\mathgroup4
\symAMSb=\mathgroup5
LaTeX Font Info:    Redeclaring math symbol \hbar on input line 98.
LaTeX Font Info:    Overwriting math alphabet `\mathfrak' in version `bold'
(Font)                  U/euf/m/n --> U/euf/b/n on input line 106.
))
("C:\Users\ahauser\AppData\Local\Programs\MiKTeX 2.9\tex/latex/amsmath\amsmath.
sty"
Package: amsmath 2020/01/20 v2.17e AMS math features
\@mathmargin=\skip51

For additional information on amsmath, use the `?' option.

("C:\Users\ahauser\AppData\Local\Programs\MiKTeX 2.9\tex/latex/amsmath\amstext.
sty"
Package: amstext 2000/06/29 v2.01 AMS text

("C:\Users\ahauser\AppData\Local\Programs\MiKTeX 2.9\tex/latex/amsmath\amsgen.s
ty"
File: amsgen.sty 1999/11/30 v2.0 generic functions
\@emptytoks=\toks20
\ex@=\dimen143
))
("C:\Users\ahauser\AppData\Local\Programs\MiKTeX 2.9\tex/latex/amsmath\amsbsy.s
ty"
Package: amsbsy 1999/11/29 v1.2d Bold Symbols
\pmbraise@=\dimen144
)
("C:\Users\ahauser\AppData\Local\Programs\MiKTeX 2.9\tex/latex/amsmath\amsopn.s
ty"
Package: amsopn 2016/03/08 v2.02 operator names
)
\inf@bad=\count181
LaTeX Info: Redefining \frac on input line 227.
\uproot@=\count182
\leftroot@=\count183
LaTeX Info: Redefining \overline on input line 389.
\classnum@=\count184
\DOTSCASE@=\count185
LaTeX Info: Redefining \ldots on input line 486.
LaTeX Info: Redefining \dots on input line 489.
LaTeX Info: Redefining \cdots on input line 610.
\Mathstrutbox@=\box45
\strutbox@=\box46
\big@size=\dimen145
LaTeX Font Info:    Redeclaring font encoding OML on input line 733.
LaTeX Font Info:    Redeclaring font encoding OMS on input line 734.
\macc@depth=\count186
\c@MaxMatrixCols=\count187
\dotsspace@=\muskip16
\c@parentequation=\count188
\dspbrk@lvl=\count189
\tag@help=\toks21
\row@=\count190
\column@=\count191
\maxfields@=\count192
\andhelp@=\toks22
\eqnshift@=\dimen146
\alignsep@=\dimen147
\tagshift@=\dimen148
\tagwidth@=\dimen149
\totwidth@=\dimen150
\lineht@=\dimen151
\@envbody=\toks23
\multlinegap=\skip52
\multlinetaggap=\skip53
\mathdisplay@stack=\toks24
LaTeX Info: Redefining \[ on input line 2859.
LaTeX Info: Redefining \] on input line 2860.
)
("C:\Users\ahauser\AppData\Local\Programs\MiKTeX 2.9\tex/generic/babel\babel.st
y"
Package: babel 2020/03/22 3.42 The Babel package

("C:\Users\ahauser\AppData\Local\Programs\MiKTeX 2.9\tex/generic/babel\switch.d
ef"
File: switch.def 2020/03/22 3.42 Babel switching mechanism
)
*************************************
* Local config file bblopts.cfg used
*

("C:\Users\ahauser\AppData\Local\Programs\MiKTeX 2.9\tex/latex/arabi\bblopts.cf
g"
File: bblopts.cfg 2005/09/08 v0.1 add Arabic and Farsi to "declared" options of
 babel
)
("C:\Users\ahauser\AppData\Local\Programs\MiKTeX 2.9\tex/latex/babel-english\en
glish.ldf"
Language: english 2017/06/06 v3.3r English support from the babel system

("C:\Users\ahauser\AppData\Local\Programs\MiKTeX 2.9\tex/generic/babel\babel.de
f"
File: babel.def 2020/03/22 3.42 Babel common definitions
\babel@savecnt=\count193
\U@D=\dimen152

("C:\Users\ahauser\AppData\Local\Programs\MiKTeX 2.9\tex/generic/babel\txtbabel
.def")
\bbl@readstream=\read2
\bbl@dirlevel=\count194
)
Package babel Info: \l@canadian = using hyphenrules for english
(babel)             (\language0) on input line 102.
Package babel Info: \l@australian = using hyphenrules for ukenglish
(babel)             (\language72) on input line 105.
Package babel Info: \l@newzealand = using hyphenrules for ukenglish
(babel)             (\language72) on input line 108.
))
("C:\Users\ahauser\AppData\Local\Programs\MiKTeX 2.9\tex/latex/base\fontenc.sty
"
Package: fontenc 2020/02/11 v2.0o Standard LaTeX package
)
("C:\Users\ahauser\AppData\Local\Programs\MiKTeX 2.9\tex/latex/tools\enumerate.
sty"
Package: enumerate 2015/07/23 v3.00 enumerate extensions (DPC)
\@enLab=\toks25
)
("C:\Users\ahauser\AppData\Local\Programs\MiKTeX 2.9\tex/latex/doublestroke\dsf
ont.sty"
Package: dsfont 1995/08/01 v0.1 Double stroke roman fonts
)
("C:\Users\ahauser\AppData\Local\Programs\MiKTeX 2.9\tex/generic/xypic\xy.sty"
("C:\Users\ahauser\AppData\Local\Programs\MiKTeX 2.9\tex/generic/xypic\xy.tex"
Bootstrap'ing: catcodes, docmode,
("C:\Users\ahauser\AppData\Local\Programs\MiKTeX 2.9\tex/generic/xypic\xyrecat.
tex")
("C:\Users\ahauser\AppData\Local\Programs\MiKTeX 2.9\tex/generic/xypic\xyidioms
.tex")

 Xy-pic version 3.8.9 <2013/10/06>
 Copyright (c) 1991-2013 by Kristoffer H. Rose <krisrose@tug.org> and others
 Xy-pic is free software: see the User's Guide for details.

Loading kernel: messages; fonts; allocations: state,
\X@c=\dimen153
\Y@c=\dimen154
\U@c=\dimen155
\D@c=\dimen156
\L@c=\dimen157
\R@c=\dimen158
\Edge@c=\toks26
\X@p=\dimen159
\Y@p=\dimen160
\U@p=\dimen161
\D@p=\dimen162
\L@p=\dimen163
\R@p=\dimen164
\Edge@p=\toks27
\X@origin=\dimen165
\Y@origin=\dimen166
\X@xbase=\dimen167
\Y@xbase=\dimen168
\X@ybase=\dimen169
\Y@ybase=\dimen170
\X@min=\dimen171
\Y@min=\dimen172
\X@max=\dimen173
\Y@max=\dimen174
\lastobjectbox@=\box47
\zerodotbox@=\box48
\almostz@=\dimen175
 direction,
\d@X=\dimen176
\d@Y=\dimen177
\K@=\count195
\KK@=\count196
\Direction=\count197
\K@dXdY=\dimen178
\K@dYdX=\dimen179
\xyread@=\read3
\xywrite@=\write3
\csp@=\count198
\quotPTK@=\dimen180

utility macros; pictures: \xy, positions,
\swaptoks@@=\toks28
\connectobjectbox@@=\box49
 objects,
\styletoks@=\toks29
 decorations;
kernel objects: directionals, circles, text; options; algorithms: directions,
edges, connections;  Xy-pic loaded)
("C:\Users\ahauser\AppData\Local\Programs\MiKTeX 2.9\tex/generic/iftex\ifpdf.st
y"
Package: ifpdf 2019/10/25 v3.4 ifpdf legacy package. Use iftex instead.
)
Package: xy 2013/10/06 Xy-pic version 3.8.9

("C:\Users\ahauser\AppData\Local\Programs\MiKTeX 2.9\tex/generic/xypic\xyall.te
x"  Xy-pic option: All features v.3.8
("C:\Users\ahauser\AppData\Local\Programs\MiKTeX 2.9\tex/generic/xypic\xycurve.
tex"  Xy-pic option: Curve and Spline extension v.3.12 curve,
\crv@cnt@=\count199
\crvpts@=\toks30
\splinebox@=\box50
\splineval@=\dimen181
\splinedepth@=\dimen182
\splinetol@=\dimen183
\splinelength@=\dimen184
 circles,
\L@=\dimen185
 loaded)
("C:\Users\ahauser\AppData\Local\Programs\MiKTeX 2.9\tex/generic/xypic\xyframe.
tex"  Xy-pic option: Frame and Bracket extension v.3.14 loaded)
("C:\Users\ahauser\AppData\Local\Programs\MiKTeX 2.9\tex/generic/xypic\xycmtip.
tex"  Xy-pic option: Computer Modern tip extension v.3.7
("C:\Users\ahauser\AppData\Local\Programs\MiKTeX 2.9\tex/generic/xypic\xytips.t
ex"  Xy-pic option: More Tips extension v.3.11 loaded) loaded)
("C:\Users\ahauser\AppData\Local\Programs\MiKTeX 2.9\tex/generic/xypic\xyline.t
ex"  Xy-pic option: Line styles extension v.3.10
\xylinethick@=\dimen186
 loaded)
("C:\Users\ahauser\AppData\Local\Programs\MiKTeX 2.9\tex/generic/xypic\xyrotate
.tex"  Xy-pic option: Rotate and Scale extension v.3.8 loaded)
("C:\Users\ahauser\AppData\Local\Programs\MiKTeX 2.9\tex/generic/xypic\xycolor.
tex"  Xy-pic option: Colour extension v.3.11 loaded)
("C:\Users\ahauser\AppData\Local\Programs\MiKTeX 2.9\tex/generic/xypic\xymatrix
.tex"  Xy-pic option: Matrix feature v.3.14
\Row=\count266
\Col=\count267
\queue@=\toks31
\queue@@=\toks32
\qcount@=\count268
\qcount@@=\count269
\matrixsize@=\count270
 loaded)
("C:\Users\ahauser\AppData\Local\Programs\MiKTeX 2.9\tex/generic/xypic\xyarrow.
tex"  Xy-pic option: Arrow and Path feature v.3.9 path, \ar, loaded)
("C:\Users\ahauser\AppData\Local\Programs\MiKTeX 2.9\tex/generic/xypic\xygraph.
tex"  Xy-pic option: Graph feature v.3.11 loaded) loaded)
("C:\Users\ahauser\AppData\Local\Programs\MiKTeX 2.9\tex/generic/xypic\xypdf.te
x"  Xy-pic option: PDF driver v.1.7
Xy-pic pdf driver: `color' extension support
("C:\Users\ahauser\AppData\Local\Programs\MiKTeX 2.9\tex/generic/xypic\xypdf-co
.tex" loaded) Xy-pic pdf driver: `curve' extension support
("C:\Users\ahauser\AppData\Local\Programs\MiKTeX 2.9\tex/generic/xypic\xypdf-cu
.tex" loaded) Xy-pic pdf driver: `frame' extension support
("C:\Users\ahauser\AppData\Local\Programs\MiKTeX 2.9\tex/generic/xypic\xypdf-fr
.tex" loaded) Xy-pic pdf driver: `line' extension support
("C:\Users\ahauser\AppData\Local\Programs\MiKTeX 2.9\tex/generic/xypic\xypdf-li
.tex" loaded) Xy-pic pdf driver: `rotate' extension support
("C:\Users\ahauser\AppData\Local\Programs\MiKTeX 2.9\tex/generic/xypic\xypdf-ro
.tex" loaded) loaded))
("C:\Users\ahauser\AppData\Local\Programs\MiKTeX 2.9\tex/latex/fancyhdr\fancyhd
r.sty"
Package: fancyhdr 2019/01/31 v3.10 Extensive control of page headers and footer
s
\f@nch@headwidth=\skip54
\f@nch@O@elh=\skip55
\f@nch@O@erh=\skip56
\f@nch@O@olh=\skip57
\f@nch@O@orh=\skip58
\f@nch@O@elf=\skip59
\f@nch@O@erf=\skip60
\f@nch@O@olf=\skip61
\f@nch@O@orf=\skip62
)
("C:\Users\ahauser\AppData\Local\Programs\MiKTeX 2.9\tex/latex/hyperref\hyperre
f.sty"
Package: hyperref 2020/01/14 v7.00d Hypertext links for LaTeX

("C:\Users\ahauser\AppData\Local\Programs\MiKTeX 2.9\tex/generic/ltxcmds\ltxcmd
s.sty"
Package: ltxcmds 2019/12/15 v1.24 LaTeX kernel commands for general use (HO)
)
("C:\Users\ahauser\AppData\Local\Programs\MiKTeX 2.9\tex/latex/pdftexcmds\pdfte
xcmds.sty"
Package: pdftexcmds 2019/11/24 v0.31 Utility functions of pdfTeX for LuaTeX (HO
)

("C:\Users\ahauser\AppData\Local\Programs\MiKTeX 2.9\tex/generic/infwarerr\infw
arerr.sty"
Package: infwarerr 2019/12/03 v1.5 Providing info/warning/error messages (HO)
)
Package pdftexcmds Info: \pdf@primitive is available.
Package pdftexcmds Info: \pdf@ifprimitive is available.
Package pdftexcmds Info: \pdfdraftmode found.
)
("C:\Users\ahauser\AppData\Local\Programs\MiKTeX 2.9\tex/generic/kvsetkeys\kvse
tkeys.sty"
Package: kvsetkeys 2019/12/15 v1.18 Key value parser (HO)
)
("C:\Users\ahauser\AppData\Local\Programs\MiKTeX 2.9\tex/generic/kvdefinekeys\k
vdefinekeys.sty"
Package: kvdefinekeys 2019-12-19 v1.6 Define keys (HO)
)
("C:\Users\ahauser\AppData\Local\Programs\MiKTeX 2.9\tex/generic/pdfescape\pdfe
scape.sty"
Package: pdfescape 2019/12/09 v1.15 Implements pdfTeX's escape features (HO)
)
("C:\Users\ahauser\AppData\Local\Programs\MiKTeX 2.9\tex/latex/hycolor\hycolor.
sty"
Package: hycolor 2020-01-27 v1.10 Color options for hyperref/bookmark (HO)
)
("C:\Users\ahauser\AppData\Local\Programs\MiKTeX 2.9\tex/latex/letltxmacro\letl
txmacro.sty"
Package: letltxmacro 2019/12/03 v1.6 Let assignment for LaTeX macros (HO)
)
("C:\Users\ahauser\AppData\Local\Programs\MiKTeX 2.9\tex/latex/auxhook\auxhook.
sty"
Package: auxhook 2019-12-17 v1.6 Hooks for auxiliary files (HO)
)
("C:\Users\ahauser\AppData\Local\Programs\MiKTeX 2.9\tex/latex/kvoptions\kvopti
ons.sty"
Package: kvoptions 2019/11/29 v3.13 Key value format for package options (HO)
)
\@linkdim=\dimen187
\Hy@linkcounter=\count271
\Hy@pagecounter=\count272

("C:\Users\ahauser\AppData\Local\Programs\MiKTeX 2.9\tex/latex/hyperref\pd1enc.
def"
File: pd1enc.def 2020/01/14 v7.00d Hyperref: PDFDocEncoding definition (HO)
Now handling font encoding PD1 ...
... no UTF-8 mapping file for font encoding PD1
)
("C:\Users\ahauser\AppData\Local\Programs\MiKTeX 2.9\tex/generic/intcalc\intcal
c.sty"
Package: intcalc 2019/12/15 v1.3 Expandable calculations with integers (HO)
)
("C:\Users\ahauser\AppData\Local\Programs\MiKTeX 2.9\tex/generic/etexcmds\etexc
mds.sty"
Package: etexcmds 2019/12/15 v1.7 Avoid name clashes with e-TeX commands (HO)
)
\Hy@SavedSpaceFactor=\count273
Package hyperref Info: Hyper figures OFF on input line 4547.
Package hyperref Info: Link nesting OFF on input line 4552.
Package hyperref Info: Hyper index ON on input line 4555.
Package hyperref Info: Plain pages OFF on input line 4562.
Package hyperref Info: Backreferencing OFF on input line 4567.
Package hyperref Info: Implicit mode ON; LaTeX internals redefined.
Package hyperref Info: Bookmarks ON on input line 4800.
\c@Hy@tempcnt=\count274

("C:\Users\ahauser\AppData\Local\Programs\MiKTeX 2.9\tex/latex/url\url.sty"
\Urlmuskip=\muskip17
Package: url 2013/09/16  ver 3.4  Verb mode for urls, etc.
)
LaTeX Info: Redefining \url on input line 5159.
\XeTeXLinkMargin=\dimen188

("C:\Users\ahauser\AppData\Local\Programs\MiKTeX 2.9\tex/generic/bitset\bitset.
sty"
Package: bitset 2019/12/09 v1.3 Handle bit-vector datatype (HO)

("C:\Users\ahauser\AppData\Local\Programs\MiKTeX 2.9\tex/generic/bigintcalc\big
intcalc.sty"
Package: bigintcalc 2019/12/15 v1.5 Expandable calculations on big integers (HO
)
))
\Fld@menulength=\count275
\Field@Width=\dimen189
\Fld@charsize=\dimen190
Package hyperref Info: Hyper figures OFF on input line 6430.
Package hyperref Info: Link nesting OFF on input line 6435.
Package hyperref Info: Hyper index ON on input line 6438.
Package hyperref Info: backreferencing OFF on input line 6445.
Package hyperref Info: Link coloring OFF on input line 6450.
Package hyperref Info: Link coloring with OCG OFF on input line 6455.
Package hyperref Info: PDF/A mode OFF on input line 6460.
LaTeX Info: Redefining \ref on input line 6500.
LaTeX Info: Redefining \pageref on input line 6504.

("C:\Users\ahauser\AppData\Local\Programs\MiKTeX 2.9\tex/generic/atbegshi\atbeg
shi.sty"
Package: atbegshi 2019/12/05 v1.19 At begin shipout hook (HO)
)
\Hy@abspage=\count276
\c@Item=\count277
\c@Hfootnote=\count278
)
Package hyperref Info: Driver (autodetected): hpdftex.

("C:\Users\ahauser\AppData\Local\Programs\MiKTeX 2.9\tex/latex/hyperref\hpdftex
.def"
File: hpdftex.def 2020/01/14 v7.00d Hyperref driver for pdfTeX

("C:\Users\ahauser\AppData\Local\Programs\MiKTeX 2.9\tex/latex/atveryend\atvery
end.sty"
Package: atveryend 2019-12-11 v1.11 Hooks at the very end of document (HO)
Package atveryend Info: \enddocument detected (standard20110627).
)
\Fld@listcount=\count279
\c@bookmark@seq@number=\count280

("C:\Users\ahauser\AppData\Local\Programs\MiKTeX 2.9\tex/latex/rerunfilecheck\r
erunfilecheck.sty"
Package: rerunfilecheck 2019/12/05 v1.9 Rerun checks for auxiliary files (HO)

("C:\Users\ahauser\AppData\Local\Programs\MiKTeX 2.9\tex/generic/uniquecounter\
uniquecounter.sty"
Package: uniquecounter 2019/12/15 v1.4 Provide unlimited unique counter (HO)
)
Package uniquecounter Info: New unique counter `rerunfilecheck' on input line 2
86.
)
\Hy@SectionHShift=\skip63
)
("C:\Users\ahauser\AppData\Local\Programs\MiKTeX 2.9\tex/latex/float\float.sty"
Package: float 2001/11/08 v1.3d Float enhancements (AL)
\c@float@type=\count281
\float@exts=\toks33
\float@box=\box51
\@float@everytoks=\toks34
\@floatcapt=\box52
)
\@float@every@table=\toks35

("C:\Users\ahauser\AppData\Local\Programs\MiKTeX 2.9\tex/latex/caption\caption.
sty"
Package: caption 2020/05/10 v3.4j Customizing captions (AR)

("C:\Users\ahauser\AppData\Local\Programs\MiKTeX 2.9\tex/latex/caption\caption3
.sty"
Package: caption3 2020/05/10 v1.11 caption3 kernel (AR)
Package caption3 Info: TeX engine: e-TeX on input line 61.
\captionmargin=\dimen191
\captionmargin@=\dimen192
\captionwidth=\dimen193
\caption@tempdima=\dimen194
\caption@indent=\dimen195
\caption@parindent=\dimen196
\caption@hangindent=\dimen197
Package caption Info: Standard document class detected.
)
\c@caption@flags=\count282
\c@continuedfloat=\count283
Package caption Info: float package is loaded.
Package caption Info: hyperref package is loaded.
)
("C:\Users\ahauser\AppData\Local\Programs\MiKTeX 2.9\tex/latex/multirow\multiro
w.sty"
Package: multirow 2019/05/31 v2.5 Span multiple rows of a table
\multirow@colwidth=\skip64
\multirow@cntb=\count284
\multirow@dima=\skip65
\bigstrutjot=\dimen198
)
("C:\Users\ahauser\AppData\Local\Programs\MiKTeX 2.9\tex/latex/tools\tabularx.s
ty"
Package: tabularx 2020/01/15 v2.11c `tabularx' package (DPC)

("C:\Users\ahauser\AppData\Local\Programs\MiKTeX 2.9\tex/latex/tools\array.sty"
Package: array 2019/08/31 v2.4l Tabular extension package (FMi)
\col@sep=\dimen199
\ar@mcellbox=\box53
\extrarowheight=\dimen256
\NC@list=\toks36
\extratabsurround=\skip66
\backup@length=\skip67
\ar@cellbox=\box54
)
\TX@col@width=\dimen257
\TX@old@table=\dimen258
\TX@old@col=\dimen259
\TX@target=\dimen260
\TX@delta=\dimen261
\TX@cols=\count285
\TX@ftn=\toks37
)
("C:\Users\ahauser\AppData\Local\Programs\MiKTeX 2.9\tex/latex/listings\listing
s.sty"
\lst@mode=\count286
\lst@gtempboxa=\box55
\lst@token=\toks38
\lst@length=\count287
\lst@currlwidth=\dimen262
\lst@column=\count288
\lst@pos=\count289
\lst@lostspace=\dimen263
\lst@width=\dimen264
\lst@newlines=\count290
\lst@lineno=\count291
\lst@maxwidth=\dimen265

("C:\Users\ahauser\AppData\Local\Programs\MiKTeX 2.9\tex/latex/listings\lstmisc
.sty"
File: lstmisc.sty 2020/03/24 1.8d (Carsten Heinz)
\c@lstnumber=\count292
\lst@skipnumbers=\count293
\lst@framebox=\box56
)
("C:\Users\ahauser\AppData\Local\Programs\MiKTeX 2.9\tex/latex/listings\listing
s.cfg"
File: listings.cfg 2020/03/24 1.8d listings configuration
))
Package: listings 2020/03/24 1.8d (Carsten Heinz)

("C:\Users\ahauser\AppData\Local\Programs\MiKTeX 2.9\tex/latex/graphics\color.s
ty"
Package: color 2019/11/23 v1.2a Standard LaTeX Color (DPC)

("C:\Users\ahauser\AppData\Local\Programs\MiKTeX 2.9\tex/latex/graphics-cfg\col
or.cfg"
File: color.cfg 2016/01/02 v1.6 sample color configuration
)
Package color Info: Driver file: pdftex.def on input line 147.

("C:\Users\ahauser\AppData\Local\Programs\MiKTeX 2.9\tex/latex/graphics-def\pdf
tex.def"
File: pdftex.def 2018/01/08 v1.0l Graphics/color driver for pdftex
))
("C:\Users\ahauser\AppData\Local\Programs\MiKTeX 2.9\tex/latex/booktabs\booktab
s.sty"
Package: booktabs 2020/01/12 v1.61803398 Publication quality tables
\heavyrulewidth=\dimen266
\lightrulewidth=\dimen267
\cmidrulewidth=\dimen268
\belowrulesep=\dimen269
\belowbottomsep=\dimen270
\aboverulesep=\dimen271
\abovetopsep=\dimen272
\cmidrulesep=\dimen273
\cmidrulekern=\dimen274
\defaultaddspace=\dimen275
\@cmidla=\count294
\@cmidlb=\count295
\@aboverulesep=\dimen276
\@belowrulesep=\dimen277
\@thisruleclass=\count296
\@lastruleclass=\count297
\@thisrulewidth=\dimen278
)
("C:\Users\ahauser\AppData\Local\Programs\MiKTeX 2.9\tex/latex/scalerel\scalere
l.sty"
Package: scalerel 2016/12/29 v1.8 Routines for constrained scaling and stretchi
ng of objects, relative to a reference object or in absolute terms

("C:\Users\ahauser\AppData\Local\Programs\MiKTeX 2.9\tex/latex/tools\calc.sty"
Package: calc 2017/05/25 v4.3 Infix arithmetic (KKT,FJ)
\calc@Acount=\count298
\calc@Bcount=\count299
\calc@Adimen=\dimen279
\calc@Bdimen=\dimen280
\calc@Askip=\skip68
\calc@Bskip=\skip69
LaTeX Info: Redefining \setlength on input line 80.
LaTeX Info: Redefining \addtolength on input line 81.
\calc@Ccount=\count300
\calc@Cskip=\skip70
)
("C:\Users\ahauser\AppData\Local\Programs\MiKTeX 2.9\tex/latex/graphics\graphic
x.sty"
Package: graphicx 2019/11/30 v1.2a Enhanced LaTeX Graphics (DPC,SPQR)

("C:\Users\ahauser\AppData\Local\Programs\MiKTeX 2.9\tex/latex/graphics\graphic
s.sty"
Package: graphics 2019/11/30 v1.4a Standard LaTeX Graphics (DPC,SPQR)

("C:\Users\ahauser\AppData\Local\Programs\MiKTeX 2.9\tex/latex/graphics\trig.st
y"
Package: trig 2016/01/03 v1.10 sin cos tan (DPC)
)
("C:\Users\ahauser\AppData\Local\Programs\MiKTeX 2.9\tex/latex/graphics-cfg\gra
phics.cfg"
File: graphics.cfg 2016/06/04 v1.11 sample graphics configuration
)
Package graphics Info: Driver file: pdftex.def on input line 105.
)
\Gin@req@height=\dimen281
\Gin@req@width=\dimen282
)
("C:\Users\ahauser\AppData\Local\Programs\MiKTeX 2.9\tex/latex/etoolbox\etoolbo
x.sty"
Package: etoolbox 2019/09/21 v2.5h e-TeX tools for LaTeX (JAW)
\etb@tempcnta=\count301
)
\thesrwidth=\skip71
\thesrheight=\skip72
\srblobheight=\skip73
\srblobdepth=\skip74
\mnxsrwidth=\skip75
\LMex=\skip76
\LMpt=\skip77
)
("C:\Users\ahauser\AppData\Local\Programs\MiKTeX 2.9\tex/latex/systeme\systeme.
sty"
("C:\Users\ahauser\AppData\Local\Programs\MiKTeX 2.9\tex/latex/xstring\xstring.
sty"
("C:\Users\ahauser\AppData\Local\Programs\MiKTeX 2.9\tex/generic/xstring\xstrin
g.tex"
\integerpart=\count302
\decimalpart=\count303
)
Package: xstring 2019/02/06 v1.83 String manipulations (CT)
)
("C:\Users\ahauser\AppData\Local\Programs\MiKTeX 2.9\tex/generic/systeme\system
e.tex"
\SYS_systemecode=\toks39
\SYS_systempreamble=\toks40
\SYSeqnum=\count304
)
Package: systeme 2020/05/03 v0.34 Mise en forme de systemes d'equations (CT)
)
("C:\Users\ahauser\AppData\Local\Programs\MiKTeX 2.9\tex/latex/was\upgreek.sty"
Package: upgreek 2003/02/12 v2.0 (WaS)
Package upgreek Info: Using Euler Roman for upright Greek on input line 31.
\symugrf@m=\mathgroup6
LaTeX Font Info:    Overwriting symbol font `ugrf@m' in version `bold'
(Font)                  U/eur/m/n --> U/eur/b/n on input line 38.
)
("C:\Users\ahauser\AppData\Local\Programs\MiKTeX 2.9\tex/latex/ragged2e\ragged2
e.sty"
Package: ragged2e 2019/07/28 v2.2 ragged2e Package (MS)

("C:\Users\ahauser\AppData\Local\Programs\MiKTeX 2.9\tex/latex/ms\everysel.sty"
Package: everysel 2011/10/28 v1.2 EverySelectfont Package (MS)
)
\CenteringLeftskip=\skip78
\RaggedLeftLeftskip=\skip79
\RaggedRightLeftskip=\skip80
\CenteringRightskip=\skip81
\RaggedLeftRightskip=\skip82
\RaggedRightRightskip=\skip83
\CenteringParfillskip=\skip84
\RaggedLeftParfillskip=\skip85
\RaggedRightParfillskip=\skip86
\JustifyingParfillskip=\skip87
\CenteringParindent=\skip88
\RaggedLeftParindent=\skip89
\RaggedRightParindent=\skip90
\JustifyingParindent=\skip91
)
("C:\Users\ahauser\AppData\Local\Programs\MiKTeX 2.9\tex/latex/makecell\makecel
l.sty"
Package: makecell 2009/08/03 V0.1e Managing of Tab Column Heads and Cells
\rotheadsize=\dimen283
\c@nlinenum=\count305
\TeXr@lab=\toks41
)

Package Fancyhdr Warning: \fancyhead's `E' option without twoside option is use
less on input line 64.


Package Fancyhdr Warning: \fancyhead's `E' option without twoside option is use
less on input line 65.


Package Fancyhdr Warning: \fancyfoot's `E' option without twoside option is use
less on input line 66.


Package Fancyhdr Warning: \fancyfoot's `E' option without twoside option is use
less on input line 67.


("C:\Users\ahauser\AppData\Local\Programs\MiKTeX 2.9\tex/latex/l3backend\l3back
end-pdfmode.def"
File: l3backend-pdfmode.def 2020-03-12 L3 backend support: PDF mode
\l__kernel_color_stack_int=\count306
\l__pdf_internal_box=\box57
) (dtg_supmat2.aux)
\openout1 = `dtg_supmat2.aux'.

LaTeX Font Info:    Checking defaults for OML/cmm/m/it on input line 94.
LaTeX Font Info:    ... okay on input line 94.
LaTeX Font Info:    Checking defaults for OMS/cmsy/m/n on input line 94.
LaTeX Font Info:    ... okay on input line 94.
LaTeX Font Info:    Checking defaults for OT1/cmr/m/n on input line 94.
LaTeX Font Info:    ... okay on input line 94.
LaTeX Font Info:    Checking defaults for T1/cmr/m/n on input line 94.
LaTeX Font Info:    ... okay on input line 94.
LaTeX Font Info:    Checking defaults for TS1/cmr/m/n on input line 94.
LaTeX Font Info:    ... okay on input line 94.
LaTeX Font Info:    Checking defaults for OMX/cmex/m/n on input line 94.
LaTeX Font Info:    ... okay on input line 94.
LaTeX Font Info:    Checking defaults for U/cmr/m/n on input line 94.
LaTeX Font Info:    ... okay on input line 94.
LaTeX Font Info:    Checking defaults for PD1/pdf/m/n on input line 94.
LaTeX Font Info:    ... okay on input line 94.

*geometry* driver: auto-detecting
*geometry* detected driver: pdftex
*geometry* verbose mode - [ preamble ] result:
* driver: pdftex
* paper: a4paper
* layout: <same size as paper>
* layoutoffset:(h,v)=(0.0pt,0.0pt)
* modes: 
* h-part:(L,W,R)=(56.9055pt, 483.69684pt, 56.90553pt)
* v-part:(T,H,B)=(56.9055pt, 731.23582pt, 56.90552pt)
* \paperwidth=597.50787pt
* \paperheight=845.04684pt
* \textwidth=483.69684pt
* \textheight=731.23582pt
* \oddsidemargin=-15.36449pt
* \evensidemargin=-15.36449pt
* \topmargin=-52.36449pt
* \headheight=12.0pt
* \headsep=25.0pt
* \topskip=10.0pt
* \footskip=30.0pt
* \marginparwidth=65.0pt
* \marginparsep=11.0pt
* \columnsep=10.0pt
* \skip\footins=9.0pt plus 4.0pt minus 2.0pt
* \hoffset=0.0pt
* \voffset=0.0pt
* \mag=1000
* \@twocolumnfalse
* \@twosidefalse
* \@mparswitchfalse
* \@reversemarginfalse
* (1in=72.27pt=25.4mm, 1cm=28.453pt)

LaTeX Font Info:    Trying to load font information for U+msa on input line 94.

("C:\Users\ahauser\AppData\Local\Programs\MiKTeX 2.9\tex/latex/amsfonts\umsa.fd
"
File: umsa.fd 2013/01/14 v3.01 AMS symbols A
)
LaTeX Font Info:    Trying to load font information for U+msb on input line 94.


("C:\Users\ahauser\AppData\Local\Programs\MiKTeX 2.9\tex/latex/amsfonts\umsb.fd
"
File: umsb.fd 2013/01/14 v3.01 AMS symbols B
)
Package xypdf Info: Line width: 0.39998pt on input line 94.
\AtBeginShipoutBox=\box58
Package hyperref Info: Link coloring OFF on input line 94.

("C:\Users\ahauser\AppData\Local\Programs\MiKTeX 2.9\tex/latex/hyperref\nameref
.sty"
Package: nameref 2019/09/16 v2.46 Cross-referencing by name of section

("C:\Users\ahauser\AppData\Local\Programs\MiKTeX 2.9\tex/latex/refcount\refcoun
t.sty"
Package: refcount 2019/12/15 v3.6 Data extraction from label references (HO)
)
("C:\Users\ahauser\AppData\Local\Programs\MiKTeX 2.9\tex/generic/gettitlestring
\gettitlestring.sty"
Package: gettitlestring 2019/12/15 v1.6 Cleanup title references (HO)
)
\c@section@level=\count307
)
LaTeX Info: Redefining \ref on input line 94.
LaTeX Info: Redefining \pageref on input line 94.
LaTeX Info: Redefining \nameref on input line 94.
 (dtg_supmat2.out) (dtg_supmat2.out)
\@outlinefile=\write4
\openout4 = `dtg_supmat2.out'.

Package caption Info: Begin \AtBeginDocument code.
Package caption Info: listings package is loaded.
Package caption Info: End \AtBeginDocument code.
\c@lstlisting=\count308

("C:\Users\ahauser\AppData\Local\Programs\MiKTeX 2.9\tex/context/base/mkii\supp
-pdf.mkii"
[Loading MPS to PDF converter (version 2006.09.02).]
\scratchcounter=\count309
\scratchdimen=\dimen284
\scratchbox=\box59
\nofMPsegments=\count310
\nofMParguments=\count311
\everyMPshowfont=\toks42
\MPscratchCnt=\count312
\MPscratchDim=\dimen285
\MPnumerator=\count313
\makeMPintoPDFobject=\count314
\everyMPtoPDFconversion=\toks43
)
("C:\Users\ahauser\AppData\Local\Programs\MiKTeX 2.9\tex/latex/epstopdf-pkg\eps
topdf-base.sty"
Package: epstopdf-base 2020-01-24 v2.11 Base part for package epstopdf
Package epstopdf-base Info: Redefining graphics rule for `.eps' on input line 4
85.
) ABD: EverySelectfont initializing macros
LaTeX Info: Redefining \selectfont on input line 94.
LaTeX Font Info:    Trying to load font information for T1+cmtt on input line 9
7.

("C:\Users\ahauser\AppData\Local\Programs\MiKTeX 2.9\tex/latex/base\t1cmtt.fd"
File: t1cmtt.fd 2019/12/16 v2.5j Standard LaTeX font definitions
) (dtg_supmat2.toc)
\tf@toc=\write5
\openout5 = `dtg_supmat2.toc'.

 [1

{C:/Users/ahauser/AppData/Local/MiKTeX/2.9/pdftex/config/pdftex.map}]

pdfTeX warning: pdflatex (file ../../dtg_latex_roger/figures/dtg_graph_cropped.
pdf): PDF inclusion: found PDF version <1.6>, but at most version <1.5> allowed

<../../dtg_latex_roger/figures/dtg_graph_cropped.pdf, id=120, 776.3173pt x 520.
57787pt>
File: ../../dtg_latex_roger/figures/dtg_graph_cropped.pdf Graphic file (type pd
f)
<use ../../dtg_latex_roger/figures/dtg_graph_cropped.pdf>
Package pdftex.def Info: ../../dtg_latex_roger/figures/dtg_graph_cropped.pdf  u
sed on input line 118.
(pdftex.def)             Requested size: 455.24408pt x 305.27158pt.

LaTeX Warning: `h' float specifier changed to `ht'.

[2

] [3 <../../dtg_latex_roger/figures/dtg_graph_cropped.pdf>] [4]
<../figures/dtg_treatrate.pdf, id=186, 664.4825pt x 373.395pt>
File: ../figures/dtg_treatrate.pdf Graphic file (type pdf)
<use ../figures/dtg_treatrate.pdf>
Package pdftex.def Info: ../figures/dtg_treatrate.pdf  used on input line 204.
(pdftex.def)             Requested size: 455.24408pt x 255.81961pt.


LaTeX Warning: Citation `F1000Research' on page 5 undefined on input line 249.

[5 <../figures/dtg_treatrate.pdf>] [6] [7] [8]
LaTeX Font Info:    Trying to load font information for U+dsrom on input line 3
28.

("C:\Users\ahauser\AppData\Local\Programs\MiKTeX 2.9\tex/latex/doublestroke\uds
rom.fd"
File: Udsrom.fd 1995/08/01 v0.1 Double stroke roman font definitions
)
Missing character: There is no r in font dsrom10!
Missing character: There is no o in font dsrom10!
Missing character: There is no p in font dsrom10!
Missing character: There is no r in font dsrom10!
Missing character: There is no o in font dsrom10!
Missing character: There is no p in font dsrom10!
Missing character: There is no r in font dsrom10!
Missing character: There is no o in font dsrom10!
Missing character: There is no p in font dsrom10!
Missing character: There is no r in font dsrom10!
Missing character: There is no o in font dsrom10!
Missing character: There is no p in font dsrom10!
 [9] [10] [11] [12]
<../figures/sens_uncertainty.pdf, id=335, 568.1225pt x 568.1225pt>
File: ../figures/sens_uncertainty.pdf Graphic file (type pdf)
<use ../figures/sens_uncertainty.pdf>
Package pdftex.def Info: ../figures/sens_uncertainty.pdf  used on input line 50
8.
(pdftex.def)             Requested size: 455.24408pt x 455.26146pt.
<../figures/sens_diff_uncertainty.pdf, id=336, 625.33624pt x 568.1225pt>
File: ../figures/sens_diff_uncertainty.pdf Graphic file (type pdf)
<use ../figures/sens_diff_uncertainty.pdf>
Package pdftex.def Info: ../figures/sens_diff_uncertainty.pdf  used on input li
ne 514.
(pdftex.def)             Requested size: 455.24408pt x 413.59901pt.


LaTeX Warning: `!h' float specifier changed to `!ht'.

[13 <../figures/sens_uncertainty.pdf>]
<../figures/dtg_plot_treatrate2.pdf, id=355, 639.38875pt x 447.6725pt>
File: ../figures/dtg_plot_treatrate2.pdf Graphic file (type pdf)
<use ../figures/dtg_plot_treatrate2.pdf>
Package pdftex.def Info: ../figures/dtg_plot_treatrate2.pdf  used on input line
 523.
(pdftex.def)             Requested size: 398.33858pt x 278.89977pt.


LaTeX Warning: `!h' float specifier changed to `!ht'.

<../figures/sens_notreatall.pdf, id=356, 625.33624pt x 568.1225pt>
File: ../figures/sens_notreatall.pdf Graphic file (type pdf)
<use ../figures/sens_notreatall.pdf>
Package pdftex.def Info: ../figures/sens_notreatall.pdf  used on input line 529
.
(pdftex.def)             Requested size: 455.24408pt x 413.59901pt.

LaTeX Warning: `!h' float specifier changed to `!ht'.

[14 <../figures/sens_diff_uncertainty.pdf>]
<../figures/sens_treatinterruption.pdf, id=375, 625.33624pt x 568.1225pt>
File: ../figures/sens_treatinterruption.pdf Graphic file (type pdf)
<use ../figures/sens_treatinterruption.pdf>
Package pdftex.def Info: ../figures/sens_treatinterruption.pdf  used on input l
ine 555.
(pdftex.def)             Requested size: 455.24408pt x 413.59901pt.


LaTeX Warning: `!h' float specifier changed to `!ht'.

[15 <../figures/dtg_plot_treatrate2.pdf>]
<../figures/sens_nrti_res.pdf, id=390, 625.33624pt x 568.1225pt>
File: ../figures/sens_nrti_res.pdf Graphic file (type pdf)
<use ../figures/sens_nrti_res.pdf>
Package pdftex.def Info: ../figures/sens_nrti_res.pdf  used on input line 567.
(pdftex.def)             Requested size: 455.24408pt x 413.59901pt.


LaTeX Warning: `!h' float specifier changed to `!ht'.

[16 <../figures/sens_notreatall.pdf>] [17 <../figures/sens_treatinterruption.pd
f>] (dtg_supmat2.bbl
Underfull \hbox (badness 10000) in paragraph at lines 4--11
\T1/cmtt/m/n/10 21593078http : / / www . pubmedcentral . nih . gov / articleren
der . fcgi ? artid = PMC3465765https :
 []


Underfull \hbox (badness 10000) in paragraph at lines 19--27
\T1/cmtt/m/n/10 / / www . ncbi . nlm . nih . gov / pubmed / 28301424http : / / 
www . pubmedcentral . nih . gov / articlerender .
 []

[18 <../figures/sens_nrti_res.pdf>]
Underfull \hbox (badness 1609) in paragraph at lines 123--133
\T1/cmr/m/n/10 plus nu-cle-o-side reverse-transcriptase in-hibitors, lopinavir 
plus ral-te-gravir, or lopinavir monother-
 []


Underfull \hbox (badness 3895) in paragraph at lines 123--133
\T1/cmr/m/n/10 apy for second-line treat-ment of HIV (EARNEST): 144-week follow
-up re-sults from a ran-
 []


Underfull \hbox (badness 10000) in paragraph at lines 123--133
[]$\T1/cmtt/m/n/10 http : / / www . thelancet . com / article / S14733099173063
08 / fulltexthttp : / / www . thelancet . com /
 []


Underfull \hbox (badness 10000) in paragraph at lines 123--133
\T1/cmtt/m/n/10 article / S1473309917306308 / abstracthttps : / / www . thelanc
et . com / journals / laninf / article /
 []


Underfull \hbox (badness 1776) in paragraph at lines 151--156
[]\T1/cmr/m/n/10 Patel P, Borkowf CB, Brooks JT, Lasry A, Lan-sky A, Mer-min J.
  Es-ti-mat-ing per-act HIV
 []


Underfull \hbox (badness 5189) in paragraph at lines 151--156
\T1/cmr/m/n/10 trans-mis-sion risk.  AIDS. 2014 jun;28(10):1509--1519.  Avail-a
ble from: []$\T1/cmtt/m/n/10 http : / / www . ncbi .
 []


Underfull \hbox (badness 10000) in paragraph at lines 151--156
\T1/cmtt/m/n/10 nlm . nih . gov / pubmed / 24809629http : / / content . wkhealt
h . com / linkback / openurl ? sid = WKPTLP :
 []

[19]
Underfull \hbox (badness 5578) in paragraph at lines 163--170
[]\T1/cmr/m/n/10 Maduna PH, Dolan M, Kondlo L, Mabuza H, Dlamini JN, Po-lis M, 
et al.  Mor-bid-
 []


Underfull \hbox (badness 2134) in paragraph at lines 163--170
\T1/cmr/m/n/10 ity and Mor-tal-ity Ac-cord-ing to Lat-est CD4+ Cell Count among
 HIV Pos-i-tive In-di-vid-u-als in
 []


Underfull \hbox (badness 1226) in paragraph at lines 163--170
\T1/cmr/m/n/10 South Africa Who En-rolled in Project Phidisa.  PLOS ONE. 2015 a
pr;10(4):e0121843.  Avail-
 []


Underfull \hbox (badness 3039) in paragraph at lines 163--170
\T1/cmr/m/n/10 able from: []$\T1/cmtt/m/n/10 http : / / www . ncbi . nlm . nih 
. gov / pubmed / 25856495http : / / www . pubmedcentral . nih . gov /
 []

)
Package atveryend Info: Empty hook `BeforeClearDocument' on input line 575.
 [20]
Package atveryend Info: Empty hook `AfterLastShipout' on input line 575.
 (dtg_supmat2.aux)
Package atveryend Info: Executing hook `AtVeryEndDocument' on input line 575.
Package atveryend Info: Executing hook `AtEndAfterFileList' on input line 575.
Package rerunfilecheck Info: File `dtg_supmat2.out' has not changed.
(rerunfilecheck)             Checksum: 965B5E63FA7BF7AACCD1F9ABE6632E4A;1542.


LaTeX Warning: There were undefined references.

Package atveryend Info: Empty hook `AtVeryVeryEnd' on input line 575.
 ) 
Here is how much of TeX's memory you used:
 14693 strings out of 480930
 216444 string characters out of 2898824
 568661 words of memory out of 3000000
 30119 multiletter control sequences out of 15000+200000
 553229 words of font info for 84 fonts, out of 3000000 for 9000
 1141 hyphenation exceptions out of 8191
 38i,17n,45p,3245b,472s stack positions out of 5000i,500n,10000p,200000b,50000s
 <C:\Users\ahauser\AppData\Local\MiKTeX\2.9\fonts/pk/ljfour/jknappen/ec/dpi60
0\ectt1000.pk> <C:\Users\ahauser\AppData\Local\MiKTeX\2.9\fonts/pk/ljfour/jknap
pen/ec/dpi600\ecti1000.pk> <C:\Users\ahauser\AppData\Local\MiKTeX\2.9\fonts/pk/
ljfour/jknappen/ec/dpi600\eccc1000.pk> <C:\Users\ahauser\AppData\Local\MiKTeX\2
.9\fonts/pk/ljfour/jknappen/ec/dpi600\ecbx1200.pk> <C:\Users\ahauser\AppData\Lo
cal\MiKTeX\2.9\fonts/pk/ljfour/jknappen/ec/dpi600\ecrm1000.pk> <C:\Users\ahause
r\AppData\Local\MiKTeX\2.9\fonts/pk/ljfour/jknappen/ec/dpi600\ecbx1000.pk> <C:\
Users\ahauser\AppData\Local\MiKTeX\2.9\fonts/pk/ljfour/jknappen/ec/dpi600\ectt0
900.pk> <C:\Users\ahauser\AppData\Local\MiKTeX\2.9\fonts/pk/ljfour/jknappen/ec/
dpi600\ecrm0900.pk> <C:\Users\ahauser\AppData\Local\MiKTeX\2.9\fonts/pk/ljfour/
jknappen/ec/dpi600\ecrm0800.pk> <C:\Users\ahauser\AppData\Local\MiKTeX\2.9\font
s/pk/ljfour/jknappen/ec/dpi600\ecrm1200.pk> <C:\Users\ahauser\AppData\Local\MiK
TeX\2.9\fonts/pk/ljfour/jknappen/ec/dpi600\ecbx1440.pk> <C:\Users\ahauser\AppDa
ta\Local\MiKTeX\2.9\fonts/pk/ljfour/jknappen/ec/dpi600\eccc1728.pk><C:/Users/ah
auser/AppData/Local/Programs/MiKTeX 2.9/fonts/type1/public/amsfonts/cm/cmex10.p
fb><C:/Users/ahauser/AppData/Local/Programs/MiKTeX 2.9/fonts/type1/public/amsfo
nts/cm/cmmi10.pfb><C:/Users/ahauser/AppData/Local/Programs/MiKTeX 2.9/fonts/typ
e1/public/amsfonts/cm/cmmi7.pfb><C:/Users/ahauser/AppData/Local/Programs/MiKTeX
 2.9/fonts/type1/public/amsfonts/cm/cmr10.pfb><C:/Users/ahauser/AppData/Local/P
rograms/MiKTeX 2.9/fonts/type1/public/amsfonts/cm/cmr12.pfb><C:/Users/ahauser/A
ppData/Local/Programs/MiKTeX 2.9/fonts/type1/public/amsfonts/cm/cmr5.pfb><C:/Us
ers/ahauser/AppData/Local/Programs/MiKTeX 2.9/fonts/type1/public/amsfonts/cm/cm
r7.pfb><C:/Users/ahauser/AppData/Local/Programs/MiKTeX 2.9/fonts/type1/public/a
msfonts/cm/cmsy10.pfb><C:/Users/ahauser/AppData/Local/Programs/MiKTeX 2.9/fonts
/type1/public/amsfonts/cm/cmsy5.pfb><C:/Users/ahauser/AppData/Local/Programs/Mi
KTeX 2.9/fonts/type1/public/amsfonts/cm/cmsy7.pfb><C:/Users/ahauser/AppData/Loc
al/Programs/MiKTeX 2.9/fonts/type1/public/doublestroke/dsrom10.pfb>
Output written on dtg_supmat2.pdf (20 pages, 683679 bytes).
PDF statistics:
 985 PDF objects out of 1000 (max. 8388607)
 104 named destinations out of 1000 (max. 500000)
 201 words of extra memory for PDF output out of 10000 (max. 10000000)

